{"numFailedTestSuites":0,"numFailedTests":0,"numPassedTestSuites":1,"numPassedTests":15,"numPendingTestSuites":0,"numPendingTests":0,"numRuntimeErrorTestSuites":0,"numTotalTestSuites":1,"numTotalTests":15,"snapshot":{"added":0,"didUpdate":false,"failure":false,"filesAdded":0,"filesRemoved":0,"filesUnmatched":0,"filesUpdated":0,"matched":0,"total":0,"unchecked":0,"unmatched":0,"updated":0},"startTime":1596436485894,"success":true,"testResults":[{"assertionResults":[{"failureMessages":[],"status":"passed","title":"GFST1-GetFlight Component has a form has 4 input fields with proper name attribute"},{"failureMessages":[],"status":"passed","title":"GFST2-GetFlight Component has proper name attribute for error messages"},{"failureMessages":[],"status":"passed","title":"GFST3-GetFlight Component has a View Flights with the proper name attribute"},{"failureMessages":[],"status":"passed","title":"FDST1-Flight Details has h4 tags that display the flight data entered by user"},{"failureMessages":[],"status":"passed","title":"FDST2-Flight Details has cards to display the details of available flights"},{"failureMessages":[],"status":"passed","title":"FDST3-Flight Details has an add passenger details buttons with each available flight card and a back button"},{"failureMessages":[],"status":"passed","title":"CBST1-Create Booking has a flightDetails card to display the flight details choosen by the user"},{"failureMessages":[],"status":"passed","title":"CBST2-Create Booking has a flightDetails card that has a book and a home button with proper name attribute"},{"failureMessages":[],"status":"passed","title":"CBST3-Create Booking has select dropdown and input fields with proper name attributes"},{"failureMessages":[],"status":"passed","title":"CBST4-Create Booking component has an add buttton to add passenger details with proper name attribute"},{"failureMessages":[],"status":"passed","title":"CBST5-Create Booking component has a card to display the booking details in the success message"},{"failureMessages":[],"status":"passed","title":"CBST6-Create Booking component has a home button in the success message card with proper name attribute"},{"failureMessages":[],"status":"passed","title":"GBST1-Get Booking component has a form with a input field with proper name attribute"},{"failureMessages":[],"status":"passed","title":"GBST2-Get Booking component has a View Details button with proper name attrbute"},{"failureMessages":[],"status":"passed","title":"GBST2-Get Booking component displays the booking details in the card body"}],"endTime":1596436498568,"message":"","name":"C:\\Users\\home\\Desktop\\react_integarted-master\\SkyTracks - toTrainee\\SkyTracksUI\\src\\testing\\App.test.js","startTime":1596436488078,"status":"passed","summary":""}],"wasInterrupted":false,"coverageMap":{"C:\\Users\\home\\Desktop\\react_integarted-master\\SkyTracks - toTrainee\\SkyTracksUI\\src\\setupTests.js":{"path":"C:\\Users\\home\\Desktop\\react_integarted-master\\SkyTracks - toTrainee\\SkyTracksUI\\src\\setupTests.js","statementMap":{"0":{"start":{"line":4,"column":0},"end":{"line":4,"column":38}}},"fnMap":{},"branchMap":{},"s":{"0":1},"f":{},"b":{},"_coverageSchema":"332fd63041d2c1bcb487cc26dd0d5f7d97098a6c","hash":"30705d9396e4fff1d87fd7ebbd3653133f4f4ce0"},"C:\\Users\\home\\Desktop\\react_integarted-master\\SkyTracks - toTrainee\\SkyTracksUI\\src\\components\\CreateBooking.js":{"path":"C:\\Users\\home\\Desktop\\react_integarted-master\\SkyTracks - toTrainee\\SkyTracksUI\\src\\components\\CreateBooking.js","statementMap":{"0":{"start":{"line":6,"column":12},"end":{"line":6,"column":47}},"1":{"start":{"line":10,"column":4},"end":{"line":10,"column":17}},"2":{"start":{"line":11,"column":4},"end":{"line":34,"column":6}},"3":{"start":{"line":38,"column":22},"end":{"line":38,"column":47}},"4":{"start":{"line":39,"column":4},"end":{"line":39,"column":60}},"5":{"start":{"line":43,"column":4},"end":{"line":43,"column":56}},"6":{"start":{"line":44,"column":4},"end":{"line":56,"column":6}},"7":{"start":{"line":46,"column":7},"end":{"line":46,"column":68}},"8":{"start":{"line":49,"column":7},"end":{"line":55,"column":8}},"9":{"start":{"line":51,"column":9},"end":{"line":51,"column":84}},"10":{"start":{"line":54,"column":9},"end":{"line":54,"column":70}},"11":{"start":{"line":63,"column":17},"end":{"line":63,"column":29}},"12":{"start":{"line":64,"column":15},"end":{"line":64,"column":26}},"13":{"start":{"line":65,"column":16},"end":{"line":65,"column":28}},"14":{"start":{"line":66,"column":19},"end":{"line":66,"column":29}},"15":{"start":{"line":67,"column":4},"end":{"line":67,"column":49}},"16":{"start":{"line":68,"column":4},"end":{"line":68,"column":35}},"17":{"start":{"line":74,"column":18},"end":{"line":74,"column":45}},"18":{"start":{"line":75,"column":18},"end":{"line":75,"column":38}},"19":{"start":{"line":77,"column":4},"end":{"line":125,"column":5}},"20":{"start":{"line":80,"column":29},"end":{"line":80,"column":48}},"21":{"start":{"line":81,"column":8},"end":{"line":92,"column":9}},"22":{"start":{"line":83,"column":10},"end":{"line":83,"column":52}},"23":{"start":{"line":84,"column":10},"end":{"line":84,"column":36}},"24":{"start":{"line":85,"column":14},"end":{"line":92,"column":9}},"25":{"start":{"line":87,"column":12},"end":{"line":87,"column":71}},"26":{"start":{"line":88,"column":12},"end":{"line":88,"column":38}},"27":{"start":{"line":90,"column":10},"end":{"line":90,"column":38}},"28":{"start":{"line":91,"column":10},"end":{"line":91,"column":35}},"29":{"start":{"line":93,"column":8},"end":{"line":93,"column":14}},"30":{"start":{"line":95,"column":28},"end":{"line":95,"column":47}},"31":{"start":{"line":96,"column":8},"end":{"line":107,"column":9}},"32":{"start":{"line":98,"column":10},"end":{"line":98,"column":51}},"33":{"start":{"line":99,"column":10},"end":{"line":99,"column":35}},"34":{"start":{"line":100,"column":14},"end":{"line":107,"column":9}},"35":{"start":{"line":102,"column":10},"end":{"line":102,"column":67}},"36":{"start":{"line":103,"column":10},"end":{"line":103,"column":35}},"37":{"start":{"line":105,"column":10},"end":{"line":105,"column":37}},"38":{"start":{"line":106,"column":10},"end":{"line":106,"column":34}},"39":{"start":{"line":108,"column":8},"end":{"line":108,"column":14}},"40":{"start":{"line":110,"column":8},"end":{"line":121,"column":9}},"41":{"start":{"line":112,"column":10},"end":{"line":112,"column":46}},"42":{"start":{"line":113,"column":10},"end":{"line":113,"column":30}},"43":{"start":{"line":114,"column":14},"end":{"line":121,"column":9}},"44":{"start":{"line":116,"column":10},"end":{"line":116,"column":91}},"45":{"start":{"line":117,"column":10},"end":{"line":117,"column":30}},"46":{"start":{"line":119,"column":10},"end":{"line":119,"column":32}},"47":{"start":{"line":120,"column":10},"end":{"line":120,"column":29}},"48":{"start":{"line":122,"column":8},"end":{"line":122,"column":14}},"49":{"start":{"line":124,"column":8},"end":{"line":124,"column":14}},"50":{"start":{"line":126,"column":4},"end":{"line":126,"column":86}},"51":{"start":{"line":127,"column":4},"end":{"line":127,"column":68}},"52":{"start":{"line":132,"column":27},"end":{"line":132,"column":51}},"53":{"start":{"line":133,"column":4},"end":{"line":133,"column":42}},"54":{"start":{"line":134,"column":20},"end":{"line":134,"column":71}},"55":{"start":{"line":135,"column":26},"end":{"line":135,"column":96}},"56":{"start":{"line":136,"column":4},"end":{"line":136,"column":99}},"57":{"start":{"line":139,"column":4},"end":{"line":186,"column":5}},"58":{"start":{"line":140,"column":6},"end":{"line":185,"column":7}},"59":{"start":{"line":189,"column":4},"end":{"line":215,"column":5}},"60":{"start":{"line":207,"column":108},"end":{"line":207,"column":136}},"61":{"start":{"line":218,"column":4},"end":{"line":221,"column":5}},"62":{"start":{"line":220,"column":6},"end":{"line":220,"column":38}},"63":{"start":{"line":222,"column":4},"end":{"line":265,"column":5}},"64":{"start":{"line":223,"column":6},"end":{"line":262,"column":7}},"65":{"start":{"line":230,"column":22},"end":{"line":237,"column":23}},"66":{"start":{"line":255,"column":111},"end":{"line":255,"column":139}},"67":{"start":{"line":264,"column":8},"end":{"line":264,"column":44}}},"fnMap":{"0":{"name":"(anonymous_0)","decl":{"start":{"line":9,"column":2},"end":{"line":9,"column":3}},"loc":{"start":{"line":9,"column":21},"end":{"line":35,"column":3}},"line":9},"1":{"name":"(anonymous_1)","decl":{"start":{"line":37,"column":9},"end":{"line":37,"column":10}},"loc":{"start":{"line":37,"column":15},"end":{"line":57,"column":3}},"line":37},"2":{"name":"(anonymous_2)","decl":{"start":{"line":44,"column":37},"end":{"line":44,"column":38}},"loc":{"start":{"line":45,"column":4},"end":{"line":47,"column":5}},"line":45},"3":{"name":"(anonymous_3)","decl":{"start":{"line":47,"column":13},"end":{"line":47,"column":14}},"loc":{"start":{"line":48,"column":4},"end":{"line":56,"column":5}},"line":48},"4":{"name":"(anonymous_4)","decl":{"start":{"line":59,"column":17},"end":{"line":59,"column":18}},"loc":{"start":{"line":59,"column":26},"end":{"line":69,"column":3}},"line":59},"5":{"name":"(anonymous_5)","decl":{"start":{"line":71,"column":18},"end":{"line":71,"column":19}},"loc":{"start":{"line":71,"column":40},"end":{"line":128,"column":3}},"line":71},"6":{"name":"(anonymous_6)","decl":{"start":{"line":129,"column":21},"end":{"line":129,"column":22}},"loc":{"start":{"line":129,"column":25},"end":{"line":137,"column":3}},"line":129},"7":{"name":"(anonymous_7)","decl":{"start":{"line":138,"column":21},"end":{"line":138,"column":22}},"loc":{"start":{"line":138,"column":25},"end":{"line":187,"column":3}},"line":138},"8":{"name":"(anonymous_8)","decl":{"start":{"line":188,"column":24},"end":{"line":188,"column":25}},"loc":{"start":{"line":188,"column":28},"end":{"line":216,"column":3}},"line":188},"9":{"name":"(anonymous_9)","decl":{"start":{"line":207,"column":104},"end":{"line":207,"column":105}},"loc":{"start":{"line":207,"column":108},"end":{"line":207,"column":136}},"line":207},"10":{"name":"(anonymous_10)","decl":{"start":{"line":217,"column":2},"end":{"line":217,"column":3}},"loc":{"start":{"line":217,"column":11},"end":{"line":266,"column":3}},"line":217},"11":{"name":"(anonymous_11)","decl":{"start":{"line":229,"column":49},"end":{"line":229,"column":50}},"loc":{"start":{"line":229,"column":68},"end":{"line":238,"column":21}},"line":229},"12":{"name":"(anonymous_12)","decl":{"start":{"line":255,"column":107},"end":{"line":255,"column":108}},"loc":{"start":{"line":255,"column":111},"end":{"line":255,"column":139}},"line":255}},"branchMap":{"0":{"loc":{"start":{"line":49,"column":7},"end":{"line":55,"column":8}},"type":"if","locations":[{"start":{"line":49,"column":7},"end":{"line":55,"column":8}},{"start":{"line":49,"column":7},"end":{"line":55,"column":8}}],"line":49},"1":{"loc":{"start":{"line":77,"column":4},"end":{"line":125,"column":5}},"type":"switch","locations":[{"start":{"line":79,"column":6},"end":{"line":93,"column":14}},{"start":{"line":94,"column":6},"end":{"line":108,"column":14}},{"start":{"line":109,"column":6},"end":{"line":122,"column":14}},{"start":{"line":123,"column":6},"end":{"line":124,"column":14}}],"line":77},"2":{"loc":{"start":{"line":81,"column":8},"end":{"line":92,"column":9}},"type":"if","locations":[{"start":{"line":81,"column":8},"end":{"line":92,"column":9}},{"start":{"line":81,"column":8},"end":{"line":92,"column":9}}],"line":81},"3":{"loc":{"start":{"line":85,"column":14},"end":{"line":92,"column":9}},"type":"if","locations":[{"start":{"line":85,"column":14},"end":{"line":92,"column":9}},{"start":{"line":85,"column":14},"end":{"line":92,"column":9}}],"line":85},"4":{"loc":{"start":{"line":96,"column":8},"end":{"line":107,"column":9}},"type":"if","locations":[{"start":{"line":96,"column":8},"end":{"line":107,"column":9}},{"start":{"line":96,"column":8},"end":{"line":107,"column":9}}],"line":96},"5":{"loc":{"start":{"line":100,"column":14},"end":{"line":107,"column":9}},"type":"if","locations":[{"start":{"line":100,"column":14},"end":{"line":107,"column":9}},{"start":{"line":100,"column":14},"end":{"line":107,"column":9}}],"line":100},"6":{"loc":{"start":{"line":110,"column":8},"end":{"line":121,"column":9}},"type":"if","locations":[{"start":{"line":110,"column":8},"end":{"line":121,"column":9}},{"start":{"line":110,"column":8},"end":{"line":121,"column":9}}],"line":110},"7":{"loc":{"start":{"line":114,"column":14},"end":{"line":121,"column":9}},"type":"if","locations":[{"start":{"line":114,"column":14},"end":{"line":121,"column":9}},{"start":{"line":114,"column":14},"end":{"line":121,"column":9}}],"line":114},"8":{"loc":{"start":{"line":114,"column":17},"end":{"line":114,"column":36}},"type":"binary-expr","locations":[{"start":{"line":114,"column":17},"end":{"line":114,"column":24}},{"start":{"line":114,"column":28},"end":{"line":114,"column":36}}],"line":114},"9":{"loc":{"start":{"line":126,"column":27},"end":{"line":126,"column":85}},"type":"binary-expr","locations":[{"start":{"line":126,"column":27},"end":{"line":126,"column":46}},{"start":{"line":126,"column":50},"end":{"line":126,"column":68}},{"start":{"line":126,"column":72},"end":{"line":126,"column":85}}],"line":126},"10":{"loc":{"start":{"line":139,"column":4},"end":{"line":186,"column":5}},"type":"if","locations":[{"start":{"line":139,"column":4},"end":{"line":186,"column":5}},{"start":{"line":139,"column":4},"end":{"line":186,"column":5}}],"line":139},"11":{"loc":{"start":{"line":218,"column":4},"end":{"line":221,"column":5}},"type":"if","locations":[{"start":{"line":218,"column":4},"end":{"line":221,"column":5}},{"start":{"line":218,"column":4},"end":{"line":221,"column":5}}],"line":218},"12":{"loc":{"start":{"line":222,"column":4},"end":{"line":265,"column":5}},"type":"if","locations":[{"start":{"line":222,"column":4},"end":{"line":265,"column":5}},{"start":{"line":222,"column":4},"end":{"line":265,"column":5}}],"line":222},"13":{"loc":{"start":{"line":228,"column":18},"end":{"line":239,"column":25}},"type":"cond-expr","locations":[{"start":{"line":229,"column":20},"end":{"line":238,"column":22}},{"start":{"line":239,"column":21},"end":{"line":239,"column":25}}],"line":228}},"s":{"0":1,"1":6,"2":6,"3":0,"4":0,"5":0,"6":0,"7":0,"8":0,"9":0,"10":0,"11":0,"12":0,"13":0,"14":0,"15":0,"16":0,"17":0,"18":0,"19":0,"20":0,"21":0,"22":0,"23":0,"24":0,"25":0,"26":0,"27":0,"28":0,"29":0,"30":0,"31":0,"32":0,"33":0,"34":0,"35":0,"36":0,"37":0,"38":0,"39":0,"40":0,"41":0,"42":0,"43":0,"44":0,"45":0,"46":0,"47":0,"48":0,"49":0,"50":0,"51":0,"52":0,"53":0,"54":0,"55":0,"56":0,"57":6,"58":6,"59":2,"60":0,"61":8,"62":0,"63":8,"64":6,"65":0,"66":0,"67":2},"f":{"0":6,"1":0,"2":0,"3":0,"4":0,"5":0,"6":0,"7":6,"8":2,"9":0,"10":8,"11":0,"12":0},"b":{"0":[0,0],"1":[0,0,0,0],"2":[0,0],"3":[0,0],"4":[0,0],"5":[0,0],"6":[0,0],"7":[0,0],"8":[0,0],"9":[0,0,0],"10":[6,0],"11":[0,8],"12":[6,2],"13":[0,6]},"_coverageSchema":"332fd63041d2c1bcb487cc26dd0d5f7d97098a6c","hash":"1046d4aa6a7bf1aacf7cb14bd6c508eb0e94c773"},"C:\\Users\\home\\Desktop\\react_integarted-master\\SkyTracks - toTrainee\\SkyTracksUI\\src\\components\\GetFlights.js":{"path":"C:\\Users\\home\\Desktop\\react_integarted-master\\SkyTracks - toTrainee\\SkyTracksUI\\src\\components\\GetFlights.js","statementMap":{"0":{"start":{"line":8,"column":12},"end":{"line":8,"column":47}},"1":{"start":{"line":12,"column":8},"end":{"line":12,"column":21}},"2":{"start":{"line":13,"column":8},"end":{"line":36,"column":9}},"3":{"start":{"line":41,"column":21},"end":{"line":41,"column":31}},"4":{"start":{"line":42,"column":8},"end":{"line":42,"column":67}},"5":{"start":{"line":43,"column":8},"end":{"line":56,"column":10}},"6":{"start":{"line":45,"column":12},"end":{"line":45,"column":63}},"7":{"start":{"line":49,"column":13},"end":{"line":54,"column":15}},"8":{"start":{"line":50,"column":16},"end":{"line":50,"column":101}},"9":{"start":{"line":53,"column":18},"end":{"line":53,"column":88}},"10":{"start":{"line":61,"column":8},"end":{"line":61,"column":31}},"11":{"start":{"line":62,"column":8},"end":{"line":62,"column":29}},"12":{"start":{"line":68,"column":21},"end":{"line":68,"column":33}},"13":{"start":{"line":69,"column":19},"end":{"line":69,"column":30}},"14":{"start":{"line":70,"column":20},"end":{"line":70,"column":32}},"15":{"start":{"line":71,"column":23},"end":{"line":71,"column":33}},"16":{"start":{"line":72,"column":8},"end":{"line":72,"column":53}},"17":{"start":{"line":73,"column":8},"end":{"line":73,"column":39}},"18":{"start":{"line":78,"column":22},"end":{"line":78,"column":49}},"19":{"start":{"line":79,"column":22},"end":{"line":79,"column":42}},"20":{"start":{"line":80,"column":8},"end":{"line":152,"column":9}},"21":{"start":{"line":83,"column":34},"end":{"line":83,"column":53}},"22":{"start":{"line":84,"column":16},"end":{"line":96,"column":17}},"23":{"start":{"line":86,"column":20},"end":{"line":86,"column":59}},"24":{"start":{"line":87,"column":20},"end":{"line":87,"column":48}},"25":{"start":{"line":88,"column":22},"end":{"line":96,"column":17}},"26":{"start":{"line":89,"column":20},"end":{"line":89,"column":77}},"27":{"start":{"line":90,"column":20},"end":{"line":90,"column":48}},"28":{"start":{"line":94,"column":20},"end":{"line":94,"column":45}},"29":{"start":{"line":95,"column":20},"end":{"line":95,"column":47}},"30":{"start":{"line":97,"column":16},"end":{"line":97,"column":22}},"31":{"start":{"line":99,"column":39},"end":{"line":99,"column":58}},"32":{"start":{"line":100,"column":16},"end":{"line":113,"column":17}},"33":{"start":{"line":102,"column":20},"end":{"line":102,"column":64}},"34":{"start":{"line":103,"column":20},"end":{"line":103,"column":53}},"35":{"start":{"line":104,"column":22},"end":{"line":113,"column":17}},"36":{"start":{"line":106,"column":20},"end":{"line":106,"column":87}},"37":{"start":{"line":107,"column":20},"end":{"line":107,"column":53}},"38":{"start":{"line":111,"column":20},"end":{"line":111,"column":50}},"39":{"start":{"line":112,"column":20},"end":{"line":112,"column":52}},"40":{"start":{"line":114,"column":16},"end":{"line":114,"column":22}},"41":{"start":{"line":116,"column":16},"end":{"line":129,"column":17}},"42":{"start":{"line":118,"column":20},"end":{"line":118,"column":66}},"43":{"start":{"line":119,"column":20},"end":{"line":119,"column":53}},"44":{"start":{"line":120,"column":22},"end":{"line":129,"column":17}},"45":{"start":{"line":122,"column":20},"end":{"line":122,"column":89}},"46":{"start":{"line":123,"column":20},"end":{"line":123,"column":53}},"47":{"start":{"line":127,"column":20},"end":{"line":127,"column":52}},"48":{"start":{"line":128,"column":20},"end":{"line":128,"column":52}},"49":{"start":{"line":130,"column":16},"end":{"line":130,"column":22}},"50":{"start":{"line":132,"column":16},"end":{"line":148,"column":17}},"51":{"start":{"line":134,"column":20},"end":{"line":134,"column":64}},"52":{"start":{"line":135,"column":20},"end":{"line":135,"column":52}},"53":{"start":{"line":136,"column":22},"end":{"line":148,"column":17}},"54":{"start":{"line":138,"column":20},"end":{"line":138,"column":89}},"55":{"start":{"line":139,"column":20},"end":{"line":139,"column":53}},"56":{"start":{"line":140,"column":22},"end":{"line":148,"column":17}},"57":{"start":{"line":142,"column":20},"end":{"line":142,"column":82}},"58":{"start":{"line":143,"column":20},"end":{"line":143,"column":53}},"59":{"start":{"line":146,"column":20},"end":{"line":146,"column":50}},"60":{"start":{"line":147,"column":20},"end":{"line":147,"column":52}},"61":{"start":{"line":149,"column":16},"end":{"line":149,"column":22}},"62":{"start":{"line":151,"column":16},"end":{"line":151,"column":22}},"63":{"start":{"line":153,"column":8},"end":{"line":154,"column":91}},"64":{"start":{"line":155,"column":8},"end":{"line":155,"column":71}},"65":{"start":{"line":158,"column":8},"end":{"line":201,"column":9}},"66":{"start":{"line":160,"column":12},"end":{"line":160,"column":126}},"67":{"start":{"line":162,"column":12},"end":{"line":200,"column":13}}},"fnMap":{"0":{"name":"(anonymous_0)","decl":{"start":{"line":11,"column":4},"end":{"line":11,"column":5}},"loc":{"start":{"line":11,"column":22},"end":{"line":37,"column":5}},"line":11},"1":{"name":"(anonymous_1)","decl":{"start":{"line":38,"column":20},"end":{"line":38,"column":21}},"loc":{"start":{"line":38,"column":26},"end":{"line":57,"column":5}},"line":38},"2":{"name":"(anonymous_2)","decl":{"start":{"line":43,"column":61},"end":{"line":43,"column":62}},"loc":{"start":{"line":44,"column":8},"end":{"line":47,"column":9}},"line":44},"3":{"name":"(anonymous_3)","decl":{"start":{"line":47,"column":17},"end":{"line":47,"column":18}},"loc":{"start":{"line":48,"column":8},"end":{"line":56,"column":9}},"line":48},"4":{"name":"(anonymous_4)","decl":{"start":{"line":58,"column":19},"end":{"line":58,"column":20}},"loc":{"start":{"line":58,"column":28},"end":{"line":63,"column":5}},"line":58},"5":{"name":"(anonymous_5)","decl":{"start":{"line":64,"column":19},"end":{"line":64,"column":20}},"loc":{"start":{"line":64,"column":28},"end":{"line":74,"column":5}},"line":64},"6":{"name":"(anonymous_6)","decl":{"start":{"line":75,"column":20},"end":{"line":75,"column":21}},"loc":{"start":{"line":75,"column":42},"end":{"line":156,"column":5}},"line":75},"7":{"name":"(anonymous_7)","decl":{"start":{"line":157,"column":4},"end":{"line":157,"column":5}},"loc":{"start":{"line":157,"column":12},"end":{"line":202,"column":5}},"line":157}},"branchMap":{"0":{"loc":{"start":{"line":49,"column":13},"end":{"line":54,"column":15}},"type":"if","locations":[{"start":{"line":49,"column":13},"end":{"line":54,"column":15}},{"start":{"line":49,"column":13},"end":{"line":54,"column":15}}],"line":49},"1":{"loc":{"start":{"line":80,"column":8},"end":{"line":152,"column":9}},"type":"switch","locations":[{"start":{"line":82,"column":12},"end":{"line":97,"column":22}},{"start":{"line":98,"column":12},"end":{"line":114,"column":22}},{"start":{"line":115,"column":12},"end":{"line":130,"column":22}},{"start":{"line":131,"column":12},"end":{"line":149,"column":22}},{"start":{"line":150,"column":12},"end":{"line":151,"column":22}}],"line":80},"2":{"loc":{"start":{"line":84,"column":16},"end":{"line":96,"column":17}},"type":"if","locations":[{"start":{"line":84,"column":16},"end":{"line":96,"column":17}},{"start":{"line":84,"column":16},"end":{"line":96,"column":17}}],"line":84},"3":{"loc":{"start":{"line":88,"column":22},"end":{"line":96,"column":17}},"type":"if","locations":[{"start":{"line":88,"column":22},"end":{"line":96,"column":17}},{"start":{"line":88,"column":22},"end":{"line":96,"column":17}}],"line":88},"4":{"loc":{"start":{"line":100,"column":16},"end":{"line":113,"column":17}},"type":"if","locations":[{"start":{"line":100,"column":16},"end":{"line":113,"column":17}},{"start":{"line":100,"column":16},"end":{"line":113,"column":17}}],"line":100},"5":{"loc":{"start":{"line":104,"column":22},"end":{"line":113,"column":17}},"type":"if","locations":[{"start":{"line":104,"column":22},"end":{"line":113,"column":17}},{"start":{"line":104,"column":22},"end":{"line":113,"column":17}}],"line":104},"6":{"loc":{"start":{"line":116,"column":16},"end":{"line":129,"column":17}},"type":"if","locations":[{"start":{"line":116,"column":16},"end":{"line":129,"column":17}},{"start":{"line":116,"column":16},"end":{"line":129,"column":17}}],"line":116},"7":{"loc":{"start":{"line":120,"column":22},"end":{"line":129,"column":17}},"type":"if","locations":[{"start":{"line":120,"column":22},"end":{"line":129,"column":17}},{"start":{"line":120,"column":22},"end":{"line":129,"column":17}}],"line":120},"8":{"loc":{"start":{"line":132,"column":16},"end":{"line":148,"column":17}},"type":"if","locations":[{"start":{"line":132,"column":16},"end":{"line":148,"column":17}},{"start":{"line":132,"column":16},"end":{"line":148,"column":17}}],"line":132},"9":{"loc":{"start":{"line":136,"column":22},"end":{"line":148,"column":17}},"type":"if","locations":[{"start":{"line":136,"column":22},"end":{"line":148,"column":17}},{"start":{"line":136,"column":22},"end":{"line":148,"column":17}}],"line":136},"10":{"loc":{"start":{"line":140,"column":22},"end":{"line":148,"column":17}},"type":"if","locations":[{"start":{"line":140,"column":22},"end":{"line":148,"column":17}},{"start":{"line":140,"column":22},"end":{"line":148,"column":17}}],"line":140},"11":{"loc":{"start":{"line":153,"column":32},"end":{"line":154,"column":90}},"type":"binary-expr","locations":[{"start":{"line":153,"column":32},"end":{"line":153,"column":53}},{"start":{"line":153,"column":57},"end":{"line":153,"column":83}},{"start":{"line":154,"column":32},"end":{"line":154,"column":58}},{"start":{"line":154,"column":62},"end":{"line":154,"column":90}}],"line":153},"12":{"loc":{"start":{"line":158,"column":8},"end":{"line":201,"column":9}},"type":"if","locations":[{"start":{"line":158,"column":8},"end":{"line":201,"column":9}},{"start":{"line":158,"column":8},"end":{"line":201,"column":9}}],"line":158}},"s":{"0":1,"1":3,"2":3,"3":0,"4":0,"5":0,"6":0,"7":0,"8":0,"9":0,"10":0,"11":0,"12":0,"13":0,"14":0,"15":0,"16":0,"17":0,"18":0,"19":0,"20":0,"21":0,"22":0,"23":0,"24":0,"25":0,"26":0,"27":0,"28":0,"29":0,"30":0,"31":0,"32":0,"33":0,"34":0,"35":0,"36":0,"37":0,"38":0,"39":0,"40":0,"41":0,"42":0,"43":0,"44":0,"45":0,"46":0,"47":0,"48":0,"49":0,"50":0,"51":0,"52":0,"53":0,"54":0,"55":0,"56":0,"57":0,"58":0,"59":0,"60":0,"61":0,"62":0,"63":0,"64":0,"65":3,"66":0,"67":3},"f":{"0":3,"1":0,"2":0,"3":0,"4":0,"5":0,"6":0,"7":3},"b":{"0":[0,0],"1":[0,0,0,0,0],"2":[0,0],"3":[0,0],"4":[0,0],"5":[0,0],"6":[0,0],"7":[0,0],"8":[0,0],"9":[0,0],"10":[0,0],"11":[0,0,0,0],"12":[0,3]},"_coverageSchema":"332fd63041d2c1bcb487cc26dd0d5f7d97098a6c","hash":"9153ec1a59fc093a61336d03bd25377352c4a3dd"},"C:\\Users\\home\\Desktop\\react_integarted-master\\SkyTracks - toTrainee\\SkyTracksUI\\src\\components\\flightDetails.js":{"path":"C:\\Users\\home\\Desktop\\react_integarted-master\\SkyTracks - toTrainee\\SkyTracksUI\\src\\components\\flightDetails.js","statementMap":{"0":{"start":{"line":8,"column":8},"end":{"line":8,"column":21}},"1":{"start":{"line":9,"column":8},"end":{"line":15,"column":9}},"2":{"start":{"line":18,"column":8},"end":{"line":28,"column":10}},"3":{"start":{"line":31,"column":8},"end":{"line":100,"column":9}},"4":{"start":{"line":33,"column":12},"end":{"line":33,"column":44}},"5":{"start":{"line":35,"column":13},"end":{"line":100,"column":9}},"6":{"start":{"line":37,"column":12},"end":{"line":37,"column":93}},"7":{"start":{"line":39,"column":12},"end":{"line":99,"column":13}},"8":{"start":{"line":65,"column":95},"end":{"line":65,"column":136}},"9":{"start":{"line":70,"column":32},"end":{"line":93,"column":35}},"10":{"start":{"line":88,"column":98},"end":{"line":88,"column":213}}},"fnMap":{"0":{"name":"(anonymous_0)","decl":{"start":{"line":7,"column":4},"end":{"line":7,"column":5}},"loc":{"start":{"line":7,"column":22},"end":{"line":16,"column":5}},"line":7},"1":{"name":"(anonymous_1)","decl":{"start":{"line":17,"column":24},"end":{"line":17,"column":25}},"loc":{"start":{"line":17,"column":55},"end":{"line":29,"column":5}},"line":17},"2":{"name":"(anonymous_2)","decl":{"start":{"line":30,"column":4},"end":{"line":30,"column":5}},"loc":{"start":{"line":30,"column":12},"end":{"line":101,"column":5}},"line":30},"3":{"name":"(anonymous_3)","decl":{"start":{"line":65,"column":87},"end":{"line":65,"column":88}},"loc":{"start":{"line":65,"column":93},"end":{"line":65,"column":138}},"line":65},"4":{"name":"(anonymous_4)","decl":{"start":{"line":69,"column":70},"end":{"line":69,"column":71}},"loc":{"start":{"line":69,"column":82},"end":{"line":94,"column":29}},"line":69},"5":{"name":"(anonymous_5)","decl":{"start":{"line":88,"column":93},"end":{"line":88,"column":94}},"loc":{"start":{"line":88,"column":97},"end":{"line":88,"column":214}},"line":88}},"branchMap":{"0":{"loc":{"start":{"line":31,"column":8},"end":{"line":100,"column":9}},"type":"if","locations":[{"start":{"line":31,"column":8},"end":{"line":100,"column":9}},{"start":{"line":31,"column":8},"end":{"line":100,"column":9}}],"line":31},"1":{"loc":{"start":{"line":35,"column":13},"end":{"line":100,"column":9}},"type":"if","locations":[{"start":{"line":35,"column":13},"end":{"line":100,"column":9}},{"start":{"line":35,"column":13},"end":{"line":100,"column":9}}],"line":35}},"s":{"0":3,"1":3,"2":0,"3":3,"4":0,"5":3,"6":0,"7":3,"8":0,"9":15,"10":0},"f":{"0":3,"1":0,"2":3,"3":0,"4":15,"5":0},"b":{"0":[0,3],"1":[0,3]},"_coverageSchema":"332fd63041d2c1bcb487cc26dd0d5f7d97098a6c","hash":"96230abc3372a865c70e2e92fa1798ab7098e5e6"},"C:\\Users\\home\\Desktop\\react_integarted-master\\SkyTracks - toTrainee\\SkyTracksUI\\src\\components\\BookingDetailsCard.js":{"path":"C:\\Users\\home\\Desktop\\react_integarted-master\\SkyTracks - toTrainee\\SkyTracksUI\\src\\components\\BookingDetailsCard.js","statementMap":{"0":{"start":{"line":4,"column":4},"end":{"line":19,"column":5}}},"fnMap":{"0":{"name":"BookingDetailsCard","decl":{"start":{"line":3,"column":24},"end":{"line":3,"column":42}},"loc":{"start":{"line":3,"column":49},"end":{"line":20,"column":1}},"line":3}},"branchMap":{},"s":{"0":0},"f":{"0":0},"b":{},"_coverageSchema":"332fd63041d2c1bcb487cc26dd0d5f7d97098a6c","hash":"5a39a842f161113337ff5e25b1c4e3a57962d261"},"C:\\Users\\home\\Desktop\\react_integarted-master\\SkyTracks - toTrainee\\SkyTracksUI\\src\\components\\GetBookings.js":{"path":"C:\\Users\\home\\Desktop\\react_integarted-master\\SkyTracks - toTrainee\\SkyTracksUI\\src\\components\\GetBookings.js","statementMap":{"0":{"start":{"line":7,"column":12},"end":{"line":7,"column":55}},"1":{"start":{"line":11,"column":4},"end":{"line":11,"column":17}},"2":{"start":{"line":12,"column":4},"end":{"line":16,"column":6}},"3":{"start":{"line":22,"column":4},"end":{"line":22,"column":53}},"4":{"start":{"line":23,"column":4},"end":{"line":37,"column":6}},"5":{"start":{"line":25,"column":6},"end":{"line":25,"column":68}},"6":{"start":{"line":26,"column":6},"end":{"line":26,"column":35}},"7":{"start":{"line":29,"column":6},"end":{"line":36,"column":7}},"8":{"start":{"line":31,"column":8},"end":{"line":31,"column":82}},"9":{"start":{"line":35,"column":8},"end":{"line":35,"column":68}},"10":{"start":{"line":40,"column":4},"end":{"line":40,"column":27}},"11":{"start":{"line":41,"column":4},"end":{"line":41,"column":24}},"12":{"start":{"line":44,"column":19},"end":{"line":44,"column":31}},"13":{"start":{"line":45,"column":18},"end":{"line":45,"column":30}},"14":{"start":{"line":46,"column":4},"end":{"line":46,"column":39}},"15":{"start":{"line":50,"column":4},"end":{"line":82,"column":6}}},"fnMap":{"0":{"name":"(anonymous_0)","decl":{"start":{"line":10,"column":2},"end":{"line":10,"column":3}},"loc":{"start":{"line":10,"column":21},"end":{"line":17,"column":3}},"line":10},"1":{"name":"(anonymous_1)","decl":{"start":{"line":19,"column":17},"end":{"line":19,"column":18}},"loc":{"start":{"line":19,"column":23},"end":{"line":38,"column":3}},"line":19},"2":{"name":"(anonymous_2)","decl":{"start":{"line":23,"column":45},"end":{"line":23,"column":46}},"loc":{"start":{"line":24,"column":4},"end":{"line":27,"column":5}},"line":24},"3":{"name":"(anonymous_3)","decl":{"start":{"line":27,"column":13},"end":{"line":27,"column":14}},"loc":{"start":{"line":28,"column":4},"end":{"line":37,"column":5}},"line":28},"4":{"name":"(anonymous_4)","decl":{"start":{"line":39,"column":15},"end":{"line":39,"column":16}},"loc":{"start":{"line":39,"column":24},"end":{"line":42,"column":3}},"line":39},"5":{"name":"(anonymous_5)","decl":{"start":{"line":43,"column":17},"end":{"line":43,"column":18}},"loc":{"start":{"line":43,"column":26},"end":{"line":47,"column":3}},"line":43},"6":{"name":"(anonymous_6)","decl":{"start":{"line":49,"column":2},"end":{"line":49,"column":3}},"loc":{"start":{"line":49,"column":11},"end":{"line":83,"column":3}},"line":49}},"branchMap":{"0":{"loc":{"start":{"line":29,"column":6},"end":{"line":36,"column":7}},"type":"if","locations":[{"start":{"line":29,"column":6},"end":{"line":36,"column":7}},{"start":{"line":29,"column":6},"end":{"line":36,"column":7}}],"line":29},"1":{"loc":{"start":{"line":68,"column":20},"end":{"line":74,"column":26}},"type":"cond-expr","locations":[{"start":{"line":69,"column":22},"end":{"line":73,"column":28}},{"start":{"line":74,"column":22},"end":{"line":74,"column":26}}],"line":68}},"s":{"0":1,"1":3,"2":3,"3":0,"4":0,"5":0,"6":0,"7":0,"8":0,"9":0,"10":0,"11":0,"12":0,"13":0,"14":0,"15":4},"f":{"0":3,"1":0,"2":0,"3":0,"4":0,"5":0,"6":4},"b":{"0":[0,0],"1":[1,3]},"_coverageSchema":"332fd63041d2c1bcb487cc26dd0d5f7d97098a6c","hash":"ae320cc4e55dfa5f785493f0378d2267b213cfef"},"C:\\Users\\home\\Desktop\\react_integarted-master\\SkyTracks - toTrainee\\SkyTracksUI\\src\\index.js":{"path":"C:\\Users\\home\\Desktop\\react_integarted-master\\SkyTracks - toTrainee\\SkyTracksUI\\src\\index.js","statementMap":{"0":{"start":{"line":1,"column":32},"end":{"line":1,"column":134}},"1":{"start":{"line":1,"column":148},"end":{"line":1,"column":164}},"2":{"start":{"line":1,"column":179},"end":{"line":1,"column":209}},"3":{"start":{"line":2,"column":16},"end":{"line":2,"column":36}},"4":{"start":{"line":2,"column":54},"end":{"line":2,"column":87}},"5":{"start":{"line":3,"column":0},"end":{"line":3,"column":23}},"6":{"start":{"line":4,"column":11},"end":{"line":4,"column":27}},"7":{"start":{"line":4,"column":40},"end":{"line":4,"column":68}},"8":{"start":{"line":5,"column":29},"end":{"line":5,"column":63}},"9":{"start":{"line":5,"column":94},"end":{"line":5,"column":140}},"10":{"start":{"line":6,"column":0},"end":{"line":6,"column":48}},"11":{"start":{"line":7,"column":0},"end":{"line":7,"column":33}},"12":{"start":{"line":8,"column":0},"end":{"line":8,"column":46}},"13":{"start":{"line":8,"column":84},"end":{"line":8,"column":138}},"14":{"start":{"line":10,"column":0},"end":{"line":10,"column":182}},"15":{"start":{"line":12,"column":0},"end":{"line":12,"column":39}}},"fnMap":{"0":{"name":"_interopRequireDefault","decl":{"start":{"line":8,"column":55},"end":{"line":8,"column":77}},"loc":{"start":{"line":8,"column":83},"end":{"line":8,"column":139}},"line":8}},"branchMap":{"0":{"loc":{"start":{"line":8,"column":91},"end":{"line":8,"column":137}},"type":"cond-expr","locations":[{"start":{"line":8,"column":115},"end":{"line":8,"column":118}},{"start":{"line":8,"column":121},"end":{"line":8,"column":137}}],"line":8},"1":{"loc":{"start":{"line":8,"column":91},"end":{"line":8,"column":112}},"type":"binary-expr","locations":[{"start":{"line":8,"column":91},"end":{"line":8,"column":94}},{"start":{"line":8,"column":98},"end":{"line":8,"column":112}}],"line":8}},"s":{"0":0,"1":0,"2":0,"3":0,"4":0,"5":0,"6":0,"7":0,"8":0,"9":0,"10":0,"11":0,"12":0,"13":0,"14":0,"15":0},"f":{"0":0},"b":{"0":[0,0],"1":[0,0]}},"C:\\Users\\home\\Desktop\\react_integarted-master\\SkyTracks - toTrainee\\SkyTracksUI\\src\\App.js":{"path":"C:\\Users\\home\\Desktop\\react_integarted-master\\SkyTracks - toTrainee\\SkyTracksUI\\src\\App.js","statementMap":{"0":{"start":{"line":1,"column":13},"end":{"line":1,"column":75}},"1":{"start":{"line":1,"column":94},"end":{"line":1,"column":194}},"2":{"start":{"line":1,"column":208},"end":{"line":1,"column":224}},"3":{"start":{"line":1,"column":239},"end":{"line":1,"column":269}},"4":{"start":{"line":2,"column":22},"end":{"line":2,"column":49}},"5":{"start":{"line":3,"column":19},"end":{"line":3,"column":54}},"6":{"start":{"line":3,"column":75},"end":{"line":3,"column":111}},"7":{"start":{"line":4,"column":18},"end":{"line":4,"column":52}},"8":{"start":{"line":4,"column":72},"end":{"line":4,"column":107}},"9":{"start":{"line":6,"column":17},"end":{"line":6,"column":47}},"10":{"start":{"line":6,"column":66},"end":{"line":6,"column":100}},"11":{"start":{"line":7,"column":0},"end":{"line":7,"column":21}},"12":{"start":{"line":7,"column":59},"end":{"line":7,"column":113}},"13":{"start":{"line":11,"column":4},"end":{"line":39,"column":314}},"14":{"start":{"line":39,"column":92},"end":{"line":39,"column":238}},"15":{"start":{"line":44,"column":4},"end":{"line":47,"column":8}}},"fnMap":{"0":{"name":"_interopRequireDefault","decl":{"start":{"line":7,"column":30},"end":{"line":7,"column":52}},"loc":{"start":{"line":7,"column":58},"end":{"line":7,"column":114}},"line":7},"1":{"name":"(anonymous_1)","decl":{"start":{"line":10,"column":2},"end":{"line":10,"column":3}},"loc":{"start":{"line":10,"column":11},"end":{"line":44,"column":3}},"line":10},"2":{"name":"(anonymous_2)","decl":{"start":{"line":39,"column":86},"end":{"line":39,"column":87}},"loc":{"start":{"line":39,"column":92},"end":{"line":39,"column":238}},"line":39}},"branchMap":{"0":{"loc":{"start":{"line":7,"column":66},"end":{"line":7,"column":112}},"type":"cond-expr","locations":[{"start":{"line":7,"column":90},"end":{"line":7,"column":93}},{"start":{"line":7,"column":96},"end":{"line":7,"column":112}}],"line":7},"1":{"loc":{"start":{"line":7,"column":66},"end":{"line":7,"column":87}},"type":"binary-expr","locations":[{"start":{"line":7,"column":66},"end":{"line":7,"column":69}},{"start":{"line":7,"column":73},"end":{"line":7,"column":87}}],"line":7}},"s":{"0":0,"1":0,"2":0,"3":0,"4":0,"5":0,"6":0,"7":0,"8":0,"9":0,"10":0,"11":0,"12":0,"13":0,"14":0,"15":0},"f":{"0":0,"1":0,"2":0},"b":{"0":[0,0],"1":[0,0]}},"C:\\Users\\home\\Desktop\\react_integarted-master\\SkyTracks - toTrainee\\SkyTracksUI\\src\\registerServiceWorker.js":{"path":"C:\\Users\\home\\Desktop\\react_integarted-master\\SkyTracks - toTrainee\\SkyTracksUI\\src\\registerServiceWorker.js","statementMap":{"0":{"start":{"line":1,"column":13},"end":{"line":1,"column":75}},"1":{"start":{"line":1,"column":75},"end":{"line":21,"column":9}},"2":{"start":{"line":21,"column":9},"end":{"line":111,"column":24}},"3":{"start":{"line":118,"column":20},"end":{"line":120,"column":89}},"4":{"start":{"line":120,"column":111},"end":{"line":128,"column":36}},"5":{"start":{"line":121,"column":22},"end":{"line":121,"column":70}},"6":{"start":{"line":121,"column":71},"end":{"line":124,"column":14}},"7":{"start":{"line":124,"column":6},"end":{"line":124,"column":13}},"8":{"start":{"line":124,"column":14},"end":{"line":128,"column":35}},"9":{"start":{"line":124,"column":67},"end":{"line":124,"column":112}},"10":{"start":{"line":124,"column":113},"end":{"line":128,"column":32}},"11":{"start":{"line":125,"column":8},"end":{"line":125,"column":39}},"12":{"start":{"line":127,"column":8},"end":{"line":127,"column":178}},"13":{"start":{"line":127,"column":50},"end":{"line":127,"column":175}},"14":{"start":{"line":128,"column":8},"end":{"line":128,"column":31}},"15":{"start":{"line":128,"column":70},"end":{"line":135,"column":156}},"16":{"start":{"line":128,"column":132},"end":{"line":135,"column":68}},"17":{"start":{"line":128,"column":193},"end":{"line":128,"column":216}},"18":{"start":{"line":128,"column":217},"end":{"line":135,"column":66}},"19":{"start":{"line":128,"column":257},"end":{"line":135,"column":64}},"20":{"start":{"line":128,"column":302},"end":{"line":135,"column":63}},"21":{"start":{"line":132,"column":12},"end":{"line":132,"column":69}},"22":{"start":{"line":135,"column":12},"end":{"line":135,"column":62}},"23":{"start":{"line":135,"column":87},"end":{"line":135,"column":153}},"24":{"start":{"line":136,"column":2},"end":{"line":139,"column":126}},"25":{"start":{"line":137,"column":4},"end":{"line":139,"column":30}},"26":{"start":{"line":138,"column":6},"end":{"line":138,"column":127}},"27":{"start":{"line":138,"column":58},"end":{"line":138,"column":124}},"28":{"start":{"line":138,"column":96},"end":{"line":138,"column":121}},"29":{"start":{"line":139,"column":6},"end":{"line":139,"column":29}},"30":{"start":{"line":139,"column":46},"end":{"line":139,"column":123}},"31":{"start":{"line":139,"column":150},"end":{"line":139,"column":267}},"32":{"start":{"line":139,"column":185},"end":{"line":139,"column":266}},"33":{"start":{"line":139,"column":237},"end":{"line":139,"column":263}}},"fnMap":{"0":{"name":"register","decl":{"start":{"line":120,"column":99},"end":{"line":120,"column":107}},"loc":{"start":{"line":120,"column":110},"end":{"line":128,"column":37}},"line":120},"1":{"name":"(anonymous_1)","decl":{"start":{"line":124,"column":46},"end":{"line":124,"column":47}},"loc":{"start":{"line":124,"column":52},"end":{"line":128,"column":33}},"line":124},"2":{"name":"(anonymous_2)","decl":{"start":{"line":127,"column":43},"end":{"line":127,"column":44}},"loc":{"start":{"line":127,"column":49},"end":{"line":127,"column":176}},"line":127},"3":{"name":"registerValidSW","decl":{"start":{"line":128,"column":46},"end":{"line":128,"column":61}},"loc":{"start":{"line":128,"column":69},"end":{"line":135,"column":157}},"line":128},"4":{"name":"(anonymous_4)","decl":{"start":{"line":128,"column":115},"end":{"line":128,"column":116}},"loc":{"start":{"line":128,"column":131},"end":{"line":135,"column":69}},"line":128},"5":{"name":"(anonymous_5)","decl":{"start":{"line":128,"column":161},"end":{"line":128,"column":162}},"loc":{"start":{"line":128,"column":167},"end":{"line":135,"column":67}},"line":128},"6":{"name":"(anonymous_6)","decl":{"start":{"line":128,"column":250},"end":{"line":128,"column":251}},"loc":{"start":{"line":128,"column":256},"end":{"line":135,"column":65}},"line":128},"7":{"name":"(anonymous_7)","decl":{"start":{"line":135,"column":77},"end":{"line":135,"column":78}},"loc":{"start":{"line":135,"column":86},"end":{"line":135,"column":154}},"line":135},"8":{"name":"checkValidServiceWorker","decl":{"start":{"line":135,"column":166},"end":{"line":135,"column":189}},"loc":{"start":{"line":135,"column":197},"end":{"line":139,"column":127}},"line":135},"9":{"name":"(anonymous_9)","decl":{"start":{"line":136,"column":20},"end":{"line":136,"column":21}},"loc":{"start":{"line":136,"column":32},"end":{"line":139,"column":31}},"line":136},"10":{"name":"(anonymous_10)","decl":{"start":{"line":138,"column":41},"end":{"line":138,"column":42}},"loc":{"start":{"line":138,"column":57},"end":{"line":138,"column":125}},"line":138},"11":{"name":"(anonymous_11)","decl":{"start":{"line":138,"column":89},"end":{"line":138,"column":90}},"loc":{"start":{"line":138,"column":95},"end":{"line":138,"column":122}},"line":138},"12":{"name":"(anonymous_12)","decl":{"start":{"line":139,"column":39},"end":{"line":139,"column":40}},"loc":{"start":{"line":139,"column":45},"end":{"line":139,"column":124}},"line":139},"13":{"name":"unregister","decl":{"start":{"line":139,"column":136},"end":{"line":139,"column":146}},"loc":{"start":{"line":139,"column":149},"end":{"line":139,"column":268}},"line":139},"14":{"name":"(anonymous_14)","decl":{"start":{"line":139,"column":220},"end":{"line":139,"column":221}},"loc":{"start":{"line":139,"column":236},"end":{"line":139,"column":264}},"line":139}},"branchMap":{"0":{"loc":{"start":{"line":118,"column":28},"end":{"line":120,"column":88}},"type":"binary-expr","locations":[{"start":{"line":118,"column":28},"end":{"line":118,"column":68}},{"start":{"line":119,"column":0},"end":{"line":119,"column":36}},{"start":{"line":120,"column":0},"end":{"line":120,"column":88}}],"line":118},"1":{"loc":{"start":{"line":120,"column":111},"end":{"line":128,"column":36}},"type":"if","locations":[{"start":{"line":120,"column":111},"end":{"line":128,"column":36}},{"start":{"line":120,"column":111},"end":{"line":128,"column":36}}],"line":120},"2":{"loc":{"start":{"line":120,"column":115},"end":{"line":120,"column":184}},"type":"binary-expr","locations":[{"start":{"line":120,"column":115},"end":{"line":120,"column":152}},{"start":{"line":120,"column":156},"end":{"line":120,"column":184}}],"line":120},"3":{"loc":{"start":{"line":121,"column":71},"end":{"line":124,"column":14}},"type":"if","locations":[{"start":{"line":121,"column":71},"end":{"line":124,"column":14}},{"start":{"line":121,"column":71},"end":{"line":124,"column":14}}],"line":121},"4":{"loc":{"start":{"line":124,"column":113},"end":{"line":128,"column":32}},"type":"if","locations":[{"start":{"line":124,"column":113},"end":{"line":128,"column":32}},{"start":{"line":124,"column":113},"end":{"line":128,"column":32}}],"line":124},"5":{"loc":{"start":{"line":128,"column":257},"end":{"line":135,"column":64}},"type":"if","locations":[{"start":{"line":128,"column":257},"end":{"line":135,"column":64}},{"start":{"line":128,"column":257},"end":{"line":135,"column":64}}],"line":128},"6":{"loc":{"start":{"line":128,"column":302},"end":{"line":135,"column":63}},"type":"if","locations":[{"start":{"line":128,"column":302},"end":{"line":135,"column":63}},{"start":{"line":128,"column":302},"end":{"line":135,"column":63}}],"line":128},"7":{"loc":{"start":{"line":137,"column":4},"end":{"line":139,"column":30}},"type":"if","locations":[{"start":{"line":137,"column":4},"end":{"line":139,"column":30}},{"start":{"line":137,"column":4},"end":{"line":139,"column":30}}],"line":137},"8":{"loc":{"start":{"line":137,"column":8},"end":{"line":137,"column":100}},"type":"binary-expr","locations":[{"start":{"line":137,"column":8},"end":{"line":137,"column":31}},{"start":{"line":137,"column":35},"end":{"line":137,"column":100}}],"line":137},"9":{"loc":{"start":{"line":139,"column":150},"end":{"line":139,"column":267}},"type":"if","locations":[{"start":{"line":139,"column":150},"end":{"line":139,"column":267}},{"start":{"line":139,"column":150},"end":{"line":139,"column":267}}],"line":139}},"s":{"0":0,"1":0,"2":0,"3":0,"4":0,"5":0,"6":0,"7":0,"8":0,"9":0,"10":0,"11":0,"12":0,"13":0,"14":0,"15":0,"16":0,"17":0,"18":0,"19":0,"20":0,"21":0,"22":0,"23":0,"24":0,"25":0,"26":0,"27":0,"28":0,"29":0,"30":0,"31":0,"32":0,"33":0},"f":{"0":0,"1":0,"2":0,"3":0,"4":0,"5":0,"6":0,"7":0,"8":0,"9":0,"10":0,"11":0,"12":0,"13":0,"14":0},"b":{"0":[0,0,0],"1":[0,0],"2":[0,0],"3":[0,0],"4":[0,0],"5":[0,0],"6":[0,0],"7":[0,0],"8":[0,0],"9":[0,0]}},"C:\\Users\\home\\Desktop\\react_integarted-master\\SkyTracks - toTrainee\\SkyTracksUI\\src\\testing\\evaluator.js":{"path":"C:\\Users\\home\\Desktop\\react_integarted-master\\SkyTracks - toTrainee\\SkyTracksUI\\src\\testing\\evaluator.js","statementMap":{"0":{"start":{"line":1,"column":13},"end":{"line":1,"column":75}},"1":{"start":{"line":1,"column":94},"end":{"line":1,"column":209}},"2":{"start":{"line":1,"column":223},"end":{"line":1,"column":239}},"3":{"start":{"line":1,"column":254},"end":{"line":1,"column":284}},"4":{"start":{"line":2,"column":0},"end":{"line":2,"column":22}},"5":{"start":{"line":3,"column":13},"end":{"line":3,"column":29}},"6":{"start":{"line":3,"column":44},"end":{"line":3,"column":74}},"7":{"start":{"line":4,"column":16},"end":{"line":4,"column":36}},"8":{"start":{"line":4,"column":54},"end":{"line":4,"column":87}},"9":{"start":{"line":4,"column":126},"end":{"line":4,"column":180}},"10":{"start":{"line":8,"column":8},"end":{"line":8,"column":21}},"11":{"start":{"line":8,"column":21},"end":{"line":23,"column":10}},"12":{"start":{"line":17,"column":12},"end":{"line":17,"column":47}},"13":{"start":{"line":18,"column":12},"end":{"line":18,"column":47}},"14":{"start":{"line":19,"column":12},"end":{"line":22,"column":59}},"15":{"start":{"line":20,"column":16},"end":{"line":20,"column":38}},"16":{"start":{"line":21,"column":16},"end":{"line":21,"column":60}},"17":{"start":{"line":22,"column":30},"end":{"line":22,"column":57}},"18":{"start":{"line":23,"column":10},"end":{"line":29,"column":10}},"19":{"start":{"line":26,"column":12},"end":{"line":28,"column":107}},"20":{"start":{"line":27,"column":30},"end":{"line":27,"column":57}},"21":{"start":{"line":27,"column":57},"end":{"line":27,"column":78}},"22":{"start":{"line":28,"column":26},"end":{"line":28,"column":43}},"23":{"start":{"line":28,"column":43},"end":{"line":28,"column":77}},"24":{"start":{"line":28,"column":77},"end":{"line":28,"column":104}},"25":{"start":{"line":29,"column":10},"end":{"line":59,"column":10}},"26":{"start":{"line":32,"column":12},"end":{"line":32,"column":50}},"27":{"start":{"line":33,"column":28},"end":{"line":33,"column":58}},"28":{"start":{"line":34,"column":12},"end":{"line":34,"column":41}},"29":{"start":{"line":35,"column":12},"end":{"line":35,"column":101}},"30":{"start":{"line":36,"column":12},"end":{"line":36,"column":174}},"31":{"start":{"line":37,"column":12},"end":{"line":37,"column":95}},"32":{"start":{"line":38,"column":12},"end":{"line":38,"column":69}},"33":{"start":{"line":39,"column":12},"end":{"line":39,"column":76}},"34":{"start":{"line":40,"column":12},"end":{"line":40,"column":46}},"35":{"start":{"line":41,"column":12},"end":{"line":58,"column":15}},"36":{"start":{"line":42,"column":16},"end":{"line":57,"column":17}},"37":{"start":{"line":43,"column":20},"end":{"line":43,"column":38}},"38":{"start":{"line":44,"column":20},"end":{"line":44,"column":54}},"39":{"start":{"line":45,"column":36},"end":{"line":45,"column":38}},"40":{"start":{"line":46,"column":20},"end":{"line":52,"column":21}},"41":{"start":{"line":47,"column":24},"end":{"line":51,"column":25}},"42":{"start":{"line":48,"column":28},"end":{"line":48,"column":291}},"43":{"start":{"line":50,"column":28},"end":{"line":50,"column":290}},"44":{"start":{"line":53,"column":20},"end":{"line":53,"column":670}},"45":{"start":{"line":54,"column":20},"end":{"line":54,"column":84}},"46":{"start":{"line":56,"column":20},"end":{"line":56,"column":187}},"47":{"start":{"line":59,"column":10},"end":{"line":59,"column":59}},"48":{"start":{"line":59,"column":59},"end":{"line":59,"column":86}},"49":{"start":{"line":59,"column":86},"end":{"line":59,"column":133}},"50":{"start":{"line":62,"column":8},"end":{"line":86,"column":118}},"51":{"start":{"line":90,"column":6},"end":{"line":94,"column":10}}},"fnMap":{"0":{"name":"_interopRequireDefault","decl":{"start":{"line":4,"column":97},"end":{"line":4,"column":119}},"loc":{"start":{"line":4,"column":125},"end":{"line":4,"column":181}},"line":4},"1":{"name":"(anonymous_1)","decl":{"start":{"line":7,"column":4},"end":{"line":7,"column":5}},"loc":{"start":{"line":7,"column":23},"end":{"line":59,"column":134}},"line":7},"2":{"name":"(anonymous_2)","decl":{"start":{"line":16,"column":18},"end":{"line":16,"column":19}},"loc":{"start":{"line":16,"column":24},"end":{"line":23,"column":9}},"line":16},"3":{"name":"(anonymous_3)","decl":{"start":{"line":19,"column":70},"end":{"line":19,"column":71}},"loc":{"start":{"line":19,"column":82},"end":{"line":22,"column":13}},"line":19},"4":{"name":"(anonymous_4)","decl":{"start":{"line":22,"column":21},"end":{"line":22,"column":22}},"loc":{"start":{"line":22,"column":30},"end":{"line":22,"column":57}},"line":22},"5":{"name":"(anonymous_5)","decl":{"start":{"line":25,"column":22},"end":{"line":25,"column":23}},"loc":{"start":{"line":25,"column":28},"end":{"line":29,"column":9}},"line":25},"6":{"name":"(anonymous_6)","decl":{"start":{"line":27,"column":17},"end":{"line":27,"column":18}},"loc":{"start":{"line":27,"column":29},"end":{"line":27,"column":79}},"line":27},"7":{"name":"(anonymous_7)","decl":{"start":{"line":28,"column":18},"end":{"line":28,"column":19}},"loc":{"start":{"line":28,"column":25},"end":{"line":28,"column":105}},"line":28},"8":{"name":"(anonymous_8)","decl":{"start":{"line":31,"column":19},"end":{"line":31,"column":20}},"loc":{"start":{"line":31,"column":25},"end":{"line":59,"column":9}},"line":31},"9":{"name":"(anonymous_9)","decl":{"start":{"line":41,"column":43},"end":{"line":41,"column":44}},"loc":{"start":{"line":41,"column":51},"end":{"line":58,"column":13}},"line":41},"10":{"name":"(anonymous_10)","decl":{"start":{"line":61,"column":4},"end":{"line":61,"column":5}},"loc":{"start":{"line":61,"column":13},"end":{"line":90,"column":5}},"line":61}},"branchMap":{"0":{"loc":{"start":{"line":4,"column":133},"end":{"line":4,"column":179}},"type":"cond-expr","locations":[{"start":{"line":4,"column":157},"end":{"line":4,"column":160}},{"start":{"line":4,"column":163},"end":{"line":4,"column":179}}],"line":4},"1":{"loc":{"start":{"line":4,"column":133},"end":{"line":4,"column":154}},"type":"binary-expr","locations":[{"start":{"line":4,"column":133},"end":{"line":4,"column":136}},{"start":{"line":4,"column":140},"end":{"line":4,"column":154}}],"line":4},"2":{"loc":{"start":{"line":42,"column":16},"end":{"line":57,"column":17}},"type":"if","locations":[{"start":{"line":42,"column":16},"end":{"line":57,"column":17}},{"start":{"line":42,"column":16},"end":{"line":57,"column":17}}],"line":42},"3":{"loc":{"start":{"line":47,"column":24},"end":{"line":51,"column":25}},"type":"if","locations":[{"start":{"line":47,"column":24},"end":{"line":51,"column":25}},{"start":{"line":47,"column":24},"end":{"line":51,"column":25}}],"line":47},"4":{"loc":{"start":{"line":65,"column":16},"end":{"line":72,"column":20}},"type":"cond-expr","locations":[{"start":{"line":66,"column":16},"end":{"line":69,"column":159}},{"start":{"line":72,"column":16},"end":{"line":72,"column":20}}],"line":65},"5":{"loc":{"start":{"line":86,"column":16},"end":{"line":86,"column":115}},"type":"cond-expr","locations":[{"start":{"line":86,"column":38},"end":{"line":86,"column":108}},{"start":{"line":86,"column":111},"end":{"line":86,"column":115}}],"line":86}},"s":{"0":0,"1":0,"2":0,"3":0,"4":0,"5":0,"6":0,"7":0,"8":0,"9":0,"10":0,"11":0,"12":0,"13":0,"14":0,"15":0,"16":0,"17":0,"18":0,"19":0,"20":0,"21":0,"22":0,"23":0,"24":0,"25":0,"26":0,"27":0,"28":0,"29":0,"30":0,"31":0,"32":0,"33":0,"34":0,"35":0,"36":0,"37":0,"38":0,"39":0,"40":0,"41":0,"42":0,"43":0,"44":0,"45":0,"46":0,"47":0,"48":0,"49":0,"50":0,"51":0},"f":{"0":0,"1":0,"2":0,"3":0,"4":0,"5":0,"6":0,"7":0,"8":0,"9":0,"10":0},"b":{"0":[0,0],"1":[0,0],"2":[0,0],"3":[0,0],"4":[0,0],"5":[0,0]}}}}